E:\CRYPTOGRAPHY_ALGORITHM\PRACTISE\PRACTISE\DEBUG\SOURCE.OBJ
E:\CRYPTOGRAPHY_ALGORITHM\PRACTISE\PRACTISE\DEBUG\VC110.PDB
E:\CRYPTOGRAPHY_ALGORITHM\PRACTISE\DEBUG\PRACTISE.ILK
E:\CRYPTOGRAPHY_ALGORITHM\PRACTISE\DEBUG\PRACTISE.EXE
E:\CRYPTOGRAPHY_ALGORITHM\PRACTISE\DEBUG\PRACTISE.PDB
E:\Cryptography_Algorithm\Practise\Practise\Debug\Source.obj
E:\Cryptography_Algorithm\Practise\Practise\Debug\cl.command.1.tlog
E:\Cryptography_Algorithm\Practise\Practise\Debug\CL.read.1.tlog
E:\Cryptography_Algorithm\Practise\Practise\Debug\CL.write.1.tlog
E:\Cryptography_Algorithm\Practise\Practise\Debug\link-cvtres.read.1.tlog
E:\Cryptography_Algorithm\Practise\Practise\Debug\link-cvtres.write.1.tlog
E:\Cryptography_Algorithm\Practise\Practise\Debug\link-rc.read.1.tlog
E:\Cryptography_Algorithm\Practise\Practise\Debug\link-rc.write.1.tlog
E:\Cryptography_Algorithm\Practise\Practise\Debug\link.command.1.tlog
E:\Cryptography_Algorithm\Practise\Practise\Debug\link.read.1.tlog
E:\Cryptography_Algorithm\Practise\Practise\Debug\link.write.1.tlog
E:\Cryptography_Algorithm\Practise\Practise\Debug\vc110.idb
E:\Cryptography_Algorithm\Practise\Practise\Debug\vc110.pdb
E:\Cryptography_Algorithm\Practise\Debug\Practise.pdb
E:\Cryptography_Algorithm\Practise\Debug\Practise.exe
E:\Cryptography_Algorithm\Practise\Debug\Practise.ilk
